<?xml version="1.0" encoding="utf-8"?><testsuites name="pytest tests"><testsuite name="pytest" errors="0" failures="0" skipped="0" tests="27" time="3.796" timestamp="2026-07-23T03:43:42.202856+00:00" hostname="agent-env-fa4ed9fe-1d39-4cdd-8bde-c41c5aa172ef"><testcase classname="tests.test_sprint2_budgets_analytics.TestBudgets" name="test_create_budget" time="0.245" /><testcase classname="tests.test_sprint2_budgets_analytics.TestBudgets" name="test_create_budget_idempotent_updates_limit" time="0.215" /><testcase classname="tests.test_sprint2_budgets_analytics.TestBudgets" name="test_create_budget_bad_limit[0]" time="0.093" /><testcase classname="tests.test_sprint2_budgets_analytics.TestBudgets" name="test_create_budget_bad_limit[-10]" time="0.158" /><testcase classname="tests.test_sprint2_budgets_analytics.TestBudgets" name="test_create_budget_bad_limit[-0.01]" time="0.133" /><testcase classname="tests.test_sprint2_budgets_analytics.TestBudgets" name="test_list_budgets" time="0.193" /><testcase classname="tests.test_sprint2_budgets_analytics.TestBudgets" name="test_delete_budget" time="0.203" /><testcase classname="tests.test_sprint2_budgets_analytics.TestDashboardBudgets" name="test_dashboard_budgets_over_and_near_and_recurring_count" time="0.276" /><testcase classname="tests.test_sprint2_budgets_analytics.TestDashboardBudgets" name="test_dashboard_over_budget_exact_boundary" time="0.149" /><testcase classname="tests.test_sprint2_budgets_analytics.TestMonthlyTrend" name="test_default_months_6_order_and_shape" time="0.115" /><testcase classname="tests.test_sprint2_budgets_analytics.TestMonthlyTrend" name="test_missing_months_return_zero" time="0.098" /><testcase classname="tests.test_sprint2_budgets_analytics.TestMonthlyTrend" name="test_amounts_sum_debits_excluding_duplicates" time="0.101" /><testcase classname="tests.test_sprint2_budgets_analytics.TestMonthlyTrend" name="test_months_param_clamped" time="0.179" /><testcase classname="tests.test_sprint2_budgets_analytics.TestRecurring" name="test_detects_recurring_within_15pct" time="0.096" /><testcase classname="tests.test_sprint2_budgets_analytics.TestRecurring" name="test_excludes_when_amount_variance_over_15pct" time="0.100" /><testcase classname="tests.test_sprint2_budgets_analytics.TestRecurring" name="test_excludes_single_month_only" time="0.099" /><testcase classname="tests.test_sprint2_budgets_analytics.TestRecurring" name="test_excludes_credits_and_duplicates" time="0.118" /><testcase classname="tests.test_sprint2_budgets_analytics.TestRecurring" name="test_dashboard_recurring_count_matches" time="0.185" /><testcase classname="tests.test_sprint2_budgets_analytics.TestAuthEnforcementSprint2" name="test_no_auth_returns_401[GET-/api/budgets-None]" time="0.131" /><testcase classname="tests.test_sprint2_budgets_analytics.TestAuthEnforcementSprint2" name="test_no_auth_returns_401[POST-/api/budgets-payload1]" time="0.093" /><testcase classname="tests.test_sprint2_budgets_analytics.TestAuthEnforcementSprint2" name="test_no_auth_returns_401[DELETE-/api/budgets/some-id-None]" time="0.098" /><testcase classname="tests.test_sprint2_budgets_analytics.TestAuthEnforcementSprint2" name="test_no_auth_returns_401[GET-/api/analytics/monthly-trend-None]" time="0.136" /><testcase classname="tests.test_sprint2_budgets_analytics.TestAuthEnforcementSprint2" name="test_no_auth_returns_401[GET-/api/analytics/monthly-trend?months=6-None]" time="0.117" /><testcase classname="tests.test_sprint2_budgets_analytics.TestAuthEnforcementSprint2" name="test_no_auth_returns_401[GET-/api/analytics/recurring-None]" time="0.097" /><testcase classname="tests.test_sprint2_budgets_analytics.TestAuthEnforcementSprint2" name="test_bad_bearer_returns_401[GET-/api/budgets]" time="0.106" /><testcase classname="tests.test_sprint2_budgets_analytics.TestAuthEnforcementSprint2" name="test_bad_bearer_returns_401[GET-/api/analytics/monthly-trend]" time="0.096" /><testcase classname="tests.test_sprint2_budgets_analytics.TestAuthEnforcementSprint2" name="test_bad_bearer_returns_401[GET-/api/analytics/recurring]" time="0.098" /></testsuite></testsuites>