<?xml version="1.0" encoding="utf-8"?><testsuites name="pytest tests"><testsuite name="pytest" errors="0" failures="0" skipped="0" tests="30" time="17.894" timestamp="2026-07-23T03:03:58.427755+00:00" hostname="agent-env-fa4ed9fe-1d39-4cdd-8bde-c41c5aa172ef"><testcase classname="tests.test_expensesync_backend.TestHealth" name="test_root" time="0.172" /><testcase classname="tests.test_expensesync_backend.TestAuth" name="test_me_valid" time="0.102" /><testcase classname="tests.test_expensesync_backend.TestAuth" name="test_me_missing" time="0.100" /><testcase classname="tests.test_expensesync_backend.TestAuth" name="test_me_invalid" time="0.097" /><testcase classname="tests.test_expensesync_backend.TestAuth" name="test_session_invalid_token" time="0.205" /><testcase classname="tests.test_expensesync_backend.TestAuth" name="test_logout_and_reseed" time="0.189" /><testcase classname="tests.test_expensesync_backend.TestAuthEnforcement" name="test_no_auth_returns_401[GET-/api/transactions]" time="0.106" /><testcase classname="tests.test_expensesync_backend.TestAuthEnforcement" name="test_no_auth_returns_401[GET-/api/dashboard]" time="0.098" /><testcase classname="tests.test_expensesync_backend.TestAuthEnforcement" name="test_no_auth_returns_401[POST-/api/messages/ingest]" time="0.096" /><testcase classname="tests.test_expensesync_backend.TestAuthEnforcement" name="test_no_auth_returns_401[POST-/api/messages/seed-sample]" time="0.101" /><testcase classname="tests.test_expensesync_backend.TestAuthEnforcement" name="test_bad_bearer_returns_401[GET-/api/transactions]" time="0.099" /><testcase classname="tests.test_expensesync_backend.TestAuthEnforcement" name="test_bad_bearer_returns_401[GET-/api/dashboard]" time="0.099" /><testcase classname="tests.test_expensesync_backend.TestAuthEnforcement" name="test_bad_bearer_returns_401[POST-/api/messages/seed-sample]" time="0.099" /><testcase classname="tests.test_expensesync_backend.TestSeedSample" name="test_seed_produces_expected_counts" time="2.992" /><testcase classname="tests.test_expensesync_backend.TestIngestParser" name="test_hdfc_debit_parsed" time="0.140" /><testcase classname="tests.test_expensesync_backend.TestIngestParser" name="test_icici_credit" time="0.150" /><testcase classname="tests.test_expensesync_backend.TestIngestParser" name="test_axis_uber_transport" time="0.155" /><testcase classname="tests.test_expensesync_backend.TestIngestParser" name="test_amazon_shopping" time="0.237" /><testcase classname="tests.test_expensesync_backend.TestIngestParser" name="test_promotional_skipped" time="1.093" /><testcase classname="tests.test_expensesync_backend.TestDedup" name="test_dedup_by_ref_id" time="0.152" /><testcase classname="tests.test_expensesync_backend.TestDedup" name="test_dedup_by_amount_merchant_date" time="0.177" /><testcase classname="tests.test_expensesync_backend.TestTransactionsCRUD" name="test_list_no_mongo_id" time="1.402" /><testcase classname="tests.test_expensesync_backend.TestTransactionsCRUD" name="test_filter_by_category" time="1.250" /><testcase classname="tests.test_expensesync_backend.TestTransactionsCRUD" name="test_filter_by_source" time="1.307" /><testcase classname="tests.test_expensesync_backend.TestTransactionsCRUD" name="test_include_duplicates_false" time="1.561" /><testcase classname="tests.test_expensesync_backend.TestTransactionsCRUD" name="test_get_single_has_raw_text" time="1.645" /><testcase classname="tests.test_expensesync_backend.TestTransactionsCRUD" name="test_get_single_404" time="0.101" /><testcase classname="tests.test_expensesync_backend.TestTransactionsCRUD" name="test_patch_category_and_duplicate" time="1.273" /><testcase classname="tests.test_expensesync_backend.TestTransactionsCRUD" name="test_delete_txn" time="1.277" /><testcase classname="tests.test_expensesync_backend.TestDashboard" name="test_dashboard_shape_and_exclusions" time="1.341" /></testsuite></testsuites>