<?xml version="1.0" encoding="utf-8"?><testsuites name="pytest tests"><testsuite name="pytest" errors="0" failures="0" skipped="0" tests="116" time="32.949" timestamp="2026-07-23T04:26:30.947624+00:00" hostname="agent-env-fa4ed9fe-1d39-4cdd-8bde-c41c5aa172ef"><testcase classname="tests.test_expensesync_backend.TestHealth" name="test_root" time="0.143" /><testcase classname="tests.test_expensesync_backend.TestAuth" name="test_me_valid" time="0.102" /><testcase classname="tests.test_expensesync_backend.TestAuth" name="test_me_missing" time="0.094" /><testcase classname="tests.test_expensesync_backend.TestAuth" name="test_me_invalid" time="0.100" /><testcase classname="tests.test_expensesync_backend.TestAuth" name="test_session_invalid_token" time="0.200" /><testcase classname="tests.test_expensesync_backend.TestAuth" name="test_logout_and_reseed" time="0.183" /><testcase classname="tests.test_expensesync_backend.TestAuthEnforcement" name="test_no_auth_returns_401[GET-/api/transactions]" time="0.101" /><testcase classname="tests.test_expensesync_backend.TestAuthEnforcement" name="test_no_auth_returns_401[GET-/api/dashboard]" time="0.099" /><testcase classname="tests.test_expensesync_backend.TestAuthEnforcement" name="test_no_auth_returns_401[POST-/api/messages/ingest]" time="0.101" /><testcase classname="tests.test_expensesync_backend.TestAuthEnforcement" name="test_no_auth_returns_401[POST-/api/messages/seed-sample]" time="0.094" /><testcase classname="tests.test_expensesync_backend.TestAuthEnforcement" name="test_bad_bearer_returns_401[GET-/api/transactions]" time="0.101" /><testcase classname="tests.test_expensesync_backend.TestAuthEnforcement" name="test_bad_bearer_returns_401[GET-/api/dashboard]" time="0.105" /><testcase classname="tests.test_expensesync_backend.TestAuthEnforcement" name="test_bad_bearer_returns_401[POST-/api/messages/seed-sample]" time="0.099" /><testcase classname="tests.test_expensesync_backend.TestSeedSample" name="test_seed_produces_expected_counts" time="1.018" /><testcase classname="tests.test_expensesync_backend.TestIngestParser" name="test_hdfc_debit_parsed" time="0.151" /><testcase classname="tests.test_expensesync_backend.TestIngestParser" name="test_icici_credit" time="0.150" /><testcase classname="tests.test_expensesync_backend.TestIngestParser" name="test_axis_uber_transport" time="0.141" /><testcase classname="tests.test_expensesync_backend.TestIngestParser" name="test_amazon_shopping" time="0.143" /><testcase classname="tests.test_expensesync_backend.TestIngestParser" name="test_promotional_skipped" time="4.910" /><testcase classname="tests.test_expensesync_backend.TestDedup" name="test_dedup_by_ref_id" time="0.246" /><testcase classname="tests.test_expensesync_backend.TestDedup" name="test_dedup_by_amount_merchant_date" time="0.138" /><testcase classname="tests.test_expensesync_backend.TestTransactionsCRUD" name="test_list_no_mongo_id" time="1.564" /><testcase classname="tests.test_expensesync_backend.TestTransactionsCRUD" name="test_filter_by_category" time="1.674" /><testcase classname="tests.test_expensesync_backend.TestTransactionsCRUD" name="test_filter_by_source" time="1.162" /><testcase classname="tests.test_expensesync_backend.TestTransactionsCRUD" name="test_include_duplicates_false" time="1.096" /><testcase classname="tests.test_expensesync_backend.TestTransactionsCRUD" name="test_get_single_has_raw_text" time="1.153" /><testcase classname="tests.test_expensesync_backend.TestTransactionsCRUD" name="test_get_single_404" time="0.100" /><testcase classname="tests.test_expensesync_backend.TestTransactionsCRUD" name="test_patch_category_and_duplicate" time="2.268" /><testcase classname="tests.test_expensesync_backend.TestTransactionsCRUD" name="test_delete_txn" time="1.136" /><testcase classname="tests.test_expensesync_backend.TestDashboard" name="test_dashboard_shape_and_exclusions" time="1.934" /><testcase classname="tests.test_security_audit_fixes.TestIngestBatchCap" name="test_over_50_items_returns_413" time="0.132" /><testcase classname="tests.test_security_audit_fixes.TestIngestBatchCap" name="test_exactly_50_items_succeeds" time="0.131" /><testcase classname="tests.test_security_audit_fixes.TestIngestTextCap" name="test_long_text_is_truncated_to_4000_chars" time="0.101" /><testcase classname="tests.test_security_audit_fixes.TestAIQuotaGating" name="test_constant_and_code_path_exist" time="0.000" /><testcase classname="tests.test_security_audit_fixes.TestAIQuotaGating" name="test_happy_path_ingest_does_not_bump_ai_calls" time="0.101" /><testcase classname="tests.test_security_audit_fixes.TestCORSNoCredentials" name="test_preflight_no_allow_credentials_header" time="0.067" /><testcase classname="tests.test_security_audit_fixes.TestCORSNoCredentials" name="test_simple_get_no_allow_credentials_header" time="0.091" /><testcase classname="tests.test_security_audit_fixes.TestCORSNoCredentials" name="test_code_uses_allow_credentials_false" time="0.000" /><testcase classname="tests.test_security_audit_fixes.TestAIOutputValidation" name="test_allowed_categories_set_defined" time="0.000" /><testcase classname="tests.test_security_audit_fixes.TestAIOutputValidation" name="test_ai_parse_validates_direction_and_category" time="0.000" /><testcase classname="tests.test_security_audit_fixes.TestTxnListLimitClamp" name="test_huge_limit_is_clamped" time="1.145" /><testcase classname="tests.test_security_audit_fixes.TestTxnListLimitClamp" name="test_constant_max_txn_list_limit_500" time="0.000" /><testcase classname="tests.test_security_audit_fixes.TestSprint1Regression" name="test_seed_dashboard_list_patch" time="1.826" /><testcase classname="tests.test_security_audit_fixes.TestSprint2Regression" name="test_budgets_crud_and_analytics" time="0.479" /><testcase classname="tests.test_security_audit_fixes.TestAuthEnforcement" name="test_missing_bearer_returns_401[/api/auth/me-GET]" time="0.092" /><testcase classname="tests.test_security_audit_fixes.TestAuthEnforcement" name="test_missing_bearer_returns_401[/api/dashboard-GET]" time="0.093" /><testcase classname="tests.test_security_audit_fixes.TestAuthEnforcement" name="test_missing_bearer_returns_401[/api/transactions-GET]" time="0.092" /><testcase classname="tests.test_security_audit_fixes.TestAuthEnforcement" name="test_missing_bearer_returns_401[/api/budgets-GET]" time="0.093" /><testcase classname="tests.test_security_audit_fixes.TestAuthEnforcement" name="test_missing_bearer_returns_401[/api/analytics/monthly-trend-GET]" time="0.090" /><testcase classname="tests.test_security_audit_fixes.TestAuthEnforcement" name="test_missing_bearer_returns_401[/api/analytics/recurring-GET]" time="0.099" /><testcase classname="tests.test_security_audit_fixes.TestAuthEnforcement" name="test_missing_bearer_returns_401[/api/messages/ingest-POST]" time="0.101" /><testcase classname="tests.test_security_audit_fixes.TestAuthEnforcement" name="test_missing_bearer_returns_401[/api/messages/seed-sample-POST]" time="0.105" /><testcase classname="tests.test_security_audit_fixes.TestAuthEnforcement" name="test_bad_bearer_returns_401[/api/auth/me]" time="0.114" /><testcase classname="tests.test_security_audit_fixes.TestAuthEnforcement" name="test_bad_bearer_returns_401[/api/dashboard]" time="0.096" /><testcase classname="tests.test_security_audit_fixes.TestAuthEnforcement" name="test_bad_bearer_returns_401[/api/transactions]" time="0.130" /><testcase classname="tests.test_security_audit_fixes.TestAuthEnforcement" name="test_bad_bearer_returns_401[/api/budgets]" time="0.093" /><testcase classname="tests.test_sprint2_budgets_analytics.TestBudgets" name="test_create_budget" time="0.103" /><testcase classname="tests.test_sprint2_budgets_analytics.TestBudgets" name="test_create_budget_idempotent_updates_limit" time="0.191" /><testcase classname="tests.test_sprint2_budgets_analytics.TestBudgets" name="test_create_budget_bad_limit[0]" time="0.100" /><testcase classname="tests.test_sprint2_budgets_analytics.TestBudgets" name="test_create_budget_bad_limit[-10]" time="0.102" /><testcase classname="tests.test_sprint2_budgets_analytics.TestBudgets" name="test_create_budget_bad_limit[-0.01]" time="0.097" /><testcase classname="tests.test_sprint2_budgets_analytics.TestBudgets" name="test_list_budgets" time="0.190" /><testcase classname="tests.test_sprint2_budgets_analytics.TestBudgets" name="test_delete_budget" time="0.179" /><testcase classname="tests.test_sprint2_budgets_analytics.TestDashboardBudgets" name="test_dashboard_budgets_over_and_near_and_recurring_count" time="0.240" /><testcase classname="tests.test_sprint2_budgets_analytics.TestDashboardBudgets" name="test_dashboard_over_budget_exact_boundary" time="0.177" /><testcase classname="tests.test_sprint2_budgets_analytics.TestMonthlyTrend" name="test_default_months_6_order_and_shape" time="0.101" /><testcase classname="tests.test_sprint2_budgets_analytics.TestMonthlyTrend" name="test_missing_months_return_zero" time="0.101" /><testcase classname="tests.test_sprint2_budgets_analytics.TestMonthlyTrend" name="test_amounts_sum_debits_excluding_duplicates" time="0.105" /><testcase classname="tests.test_sprint2_budgets_analytics.TestMonthlyTrend" name="test_months_param_clamped" time="0.145" /><testcase classname="tests.test_sprint2_budgets_analytics.TestRecurring" name="test_detects_recurring_within_15pct" time="0.101" /><testcase classname="tests.test_sprint2_budgets_analytics.TestRecurring" name="test_excludes_when_amount_variance_over_15pct" time="0.098" /><testcase classname="tests.test_sprint2_budgets_analytics.TestRecurring" name="test_excludes_single_month_only" time="0.093" /><testcase classname="tests.test_sprint2_budgets_analytics.TestRecurring" name="test_excludes_credits_and_duplicates" time="0.111" /><testcase classname="tests.test_sprint2_budgets_analytics.TestRecurring" name="test_dashboard_recurring_count_matches" time="0.149" /><testcase classname="tests.test_sprint2_budgets_analytics.TestAuthEnforcementSprint2" name="test_no_auth_returns_401[GET-/api/budgets-None]" time="0.091" /><testcase classname="tests.test_sprint2_budgets_analytics.TestAuthEnforcementSprint2" name="test_no_auth_returns_401[POST-/api/budgets-payload1]" time="0.093" /><testcase classname="tests.test_sprint2_budgets_analytics.TestAuthEnforcementSprint2" name="test_no_auth_returns_401[DELETE-/api/budgets/some-id-None]" time="0.096" /><testcase classname="tests.test_sprint2_budgets_analytics.TestAuthEnforcementSprint2" name="test_no_auth_returns_401[GET-/api/analytics/monthly-trend-None]" time="0.092" /><testcase classname="tests.test_sprint2_budgets_analytics.TestAuthEnforcementSprint2" name="test_no_auth_returns_401[GET-/api/analytics/monthly-trend?months=6-None]" time="0.091" /><testcase classname="tests.test_sprint2_budgets_analytics.TestAuthEnforcementSprint2" name="test_no_auth_returns_401[GET-/api/analytics/recurring-None]" time="0.093" /><testcase classname="tests.test_sprint2_budgets_analytics.TestAuthEnforcementSprint2" name="test_bad_bearer_returns_401[GET-/api/budgets]" time="0.093" /><testcase classname="tests.test_sprint2_budgets_analytics.TestAuthEnforcementSprint2" name="test_bad_bearer_returns_401[GET-/api/analytics/monthly-trend]" time="0.100" /><testcase classname="tests.test_sprint2_budgets_analytics.TestAuthEnforcementSprint2" name="test_bad_bearer_returns_401[GET-/api/analytics/recurring]" time="0.096" /><testcase classname="tests.test_sprint3_dashboard_analytics_balances.TestSprint3All" name="test_range_today" time="0.097" /><testcase classname="tests.test_sprint3_dashboard_analytics_balances.TestSprint3All" name="test_range_week" time="0.113" /><testcase classname="tests.test_sprint3_dashboard_analytics_balances.TestSprint3All" name="test_range_month_default" time="0.107" /><testcase classname="tests.test_sprint3_dashboard_analytics_balances.TestSprint3All" name="test_range_all" time="0.099" /><testcase classname="tests.test_sprint3_dashboard_analytics_balances.TestSprint3All" name="test_range_custom_valid" time="0.098" /><testcase classname="tests.test_sprint3_dashboard_analytics_balances.TestSprint3All" name="test_range_custom_no_params_falls_back" time="0.097" /><testcase classname="tests.test_sprint3_dashboard_analytics_balances.TestSprint3All" name="test_range_custom_bogus_start_400" time="0.096" /><testcase classname="tests.test_sprint3_dashboard_analytics_balances.TestSprint3All" name="test_range_custom_end_before_start_400" time="0.091" /><testcase classname="tests.test_sprint3_dashboard_analytics_balances.TestSprint3All" name="test_budgets_populated_for_current_month" time="0.191" /><testcase classname="tests.test_sprint3_dashboard_analytics_balances.TestSprint3All" name="test_budgets_empty_for_past_custom_range" time="0.142" /><testcase classname="tests.test_sprint3_dashboard_analytics_balances.TestSprint3All" name="test_month_spend_and_by_category" time="0.102" /><testcase classname="tests.test_sprint3_dashboard_analytics_balances.TestSprint3All" name="test_latest_per_account_and_total" time="0.103" /><testcase classname="tests.test_sprint3_dashboard_analytics_balances.TestSprint3All" name="test_all_range_sorted_and_limited" time="0.094" /><testcase classname="tests.test_sprint3_dashboard_analytics_balances.TestSprint3All" name="test_default_range_is_month" time="0.100" /><testcase classname="tests.test_sprint3_dashboard_analytics_balances.TestSprint3All" name="test_limit_clamped_to_100" time="0.127" /><testcase classname="tests.test_sprint3_dashboard_analytics_balances.TestSprint3All" name="test_balance_after_extraction" time="0.184" /><testcase classname="tests.test_sprint3_dashboard_analytics_balances.TestSprint3All" name="test_tightened_merchant_regex" time="0.189" /><testcase classname="tests.test_sprint3_dashboard_analytics_balances.TestSprint3All" name="test_401_without_token[/api/accounts/balances]" time="0.100" /><testcase classname="tests.test_sprint3_dashboard_analytics_balances.TestSprint3All" name="test_401_without_token[/api/analytics/by-merchant]" time="0.093" /><testcase classname="tests.test_sprint3_dashboard_analytics_balances.TestSprint3All" name="test_401_without_token[/api/dashboard?range=today]" time="0.093" /><testcase classname="tests.test_sprint3_dashboard_analytics_balances.TestSprint3All" name="test_401_without_token[/api/dashboard?range=week]" time="0.092" /><testcase classname="tests.test_sprint3_dashboard_analytics_balances.TestSprint3All" name="test_401_without_token[/api/dashboard?range=custom&amp;start=2026-01-01T00:00:00&amp;end=2026-01-31T00:00:00]" time="0.097" /><testcase classname="tests.test_sprint3_dashboard_analytics_balances.TestSprint3All" name="test_401_with_bad_token[/api/accounts/balances]" time="0.095" /><testcase classname="tests.test_sprint3_dashboard_analytics_balances.TestSprint3All" name="test_401_with_bad_token[/api/analytics/by-merchant]" time="0.091" /><testcase classname="tests.test_sprint3_dashboard_analytics_balances.TestSprint3All" name="test_dashboard_no_id" time="0.098" /><testcase classname="tests.test_sprint3_dashboard_analytics_balances.TestSprint3All" name="test_balances_no_id" time="0.098" /><testcase classname="tests.test_sprint3_dashboard_analytics_balances.TestSprint3All" name="test_by_merchant_no_id" time="0.099" /><testcase classname="tests.test_sprint3_dashboard_analytics_balances.TestSprint3All" name="test_transactions_no_id" time="0.094" /><testcase classname="tests.test_sprint3_dashboard_analytics_balances.TestSprint3All" name="test_ingest_batch_cap_413" time="0.092" /><testcase classname="tests.test_sprint3_dashboard_analytics_balances.TestSprint3All" name="test_monthly_trend_still_works" time="0.101" /><testcase classname="tests.test_sprint3_dashboard_analytics_balances.TestSprint3All" name="test_recurring_still_works" time="0.105" /><testcase classname="tests.test_sprint3_dashboard_analytics_balances.TestSprint3All" name="test_budgets_crud" time="0.195" /><testcase classname="tests.test_sprint3_dashboard_analytics_balances.TestSprint3All" name="test_txn_crud_smoke" time="0.231" /></testsuite></testsuites>