<?xml version="1.0" encoding="utf-8"?><testsuites name="pytest tests"><testsuite name="pytest" errors="0" failures="5" skipped="0" tests="116" time="84.969" timestamp="2026-07-23T04:24:51.676606+00:00" hostname="agent-env-fa4ed9fe-1d39-4cdd-8bde-c41c5aa172ef"><testcase classname="tests.test_security_audit_fixes.TestAuthEnforcement" name="test_missing_bearer_returns_401[/api/auth/me-GET]" time="0.131" /><testcase classname="tests.test_sprint3_dashboard_analytics_balances.TestSprint3All" name="test_range_today" time="0.133" /><testcase classname="tests.test_security_audit_fixes.TestAuthEnforcement" name="test_missing_bearer_returns_401[/api/dashboard-GET]" time="0.091" /><testcase classname="tests.test_sprint3_dashboard_analytics_balances.TestSprint3All" name="test_range_week" time="0.093" /><testcase classname="tests.test_security_audit_fixes.TestAuthEnforcement" name="test_missing_bearer_returns_401[/api/transactions-GET]" time="0.099" /><testcase classname="tests.test_sprint3_dashboard_analytics_balances.TestSprint3All" name="test_range_month_default" time="0.098" /><testcase classname="tests.test_security_audit_fixes.TestAuthEnforcement" name="test_missing_bearer_returns_401[/api/budgets-GET]" time="0.097" /><testcase classname="tests.test_sprint3_dashboard_analytics_balances.TestSprint3All" name="test_range_all" time="0.097" /><testcase classname="tests.test_security_audit_fixes.TestAuthEnforcement" name="test_missing_bearer_returns_401[/api/analytics/monthly-trend-GET]" time="0.098" /><testcase classname="tests.test_sprint3_dashboard_analytics_balances.TestSprint3All" name="test_range_custom_valid" time="0.097" /><testcase classname="tests.test_security_audit_fixes.TestAuthEnforcement" name="test_missing_bearer_returns_401[/api/analytics/recurring-GET]" time="0.093" /><testcase classname="tests.test_sprint3_dashboard_analytics_balances.TestSprint3All" name="test_range_custom_no_params_falls_back" time="0.134" /><testcase classname="tests.test_security_audit_fixes.TestAuthEnforcement" name="test_missing_bearer_returns_401[/api/messages/ingest-POST]" time="0.101" /><testcase classname="tests.test_sprint3_dashboard_analytics_balances.TestSprint3All" name="test_range_custom_bogus_start_400" time="0.098" /><testcase classname="tests.test_security_audit_fixes.TestAuthEnforcement" name="test_missing_bearer_returns_401[/api/messages/seed-sample-POST]" time="0.108" /><testcase classname="tests.test_sprint3_dashboard_analytics_balances.TestSprint3All" name="test_range_custom_end_before_start_400" time="0.095" /><testcase classname="tests.test_security_audit_fixes.TestAuthEnforcement" name="test_bad_bearer_returns_401[/api/auth/me]" time="0.102" /><testcase classname="tests.test_sprint3_dashboard_analytics_balances.TestSprint3All" name="test_budgets_populated_for_current_month" time="0.220" /><testcase classname="tests.test_security_audit_fixes.TestAuthEnforcement" name="test_bad_bearer_returns_401[/api/dashboard]" time="0.093" /><testcase classname="tests.test_security_audit_fixes.TestAuthEnforcement" name="test_bad_bearer_returns_401[/api/transactions]" time="0.109" /><testcase classname="tests.test_sprint3_dashboard_analytics_balances.TestSprint3All" name="test_budgets_empty_for_past_custom_range" time="0.144" /><testcase classname="tests.test_security_audit_fixes.TestAuthEnforcement" name="test_bad_bearer_returns_401[/api/budgets]" time="0.139" /><testcase classname="tests.test_sprint3_dashboard_analytics_balances.TestSprint3All" name="test_month_spend_and_by_category" time="0.097" /><testcase classname="tests.test_sprint2_budgets_analytics.TestAuthEnforcementSprint2" name="test_no_auth_returns_401[GET-/api/budgets-None]" time="0.097" /><testcase classname="tests.test_sprint3_dashboard_analytics_balances.TestSprint3All" name="test_latest_per_account_and_total" time="0.117" /><testcase classname="tests.test_sprint2_budgets_analytics.TestAuthEnforcementSprint2" name="test_no_auth_returns_401[POST-/api/budgets-payload1]" time="0.092" /><testcase classname="tests.test_sprint3_dashboard_analytics_balances.TestSprint3All" name="test_all_range_sorted_and_limited" time="0.110" /><testcase classname="tests.test_sprint2_budgets_analytics.TestAuthEnforcementSprint2" name="test_no_auth_returns_401[DELETE-/api/budgets/some-id-None]" time="0.100" /><testcase classname="tests.test_sprint3_dashboard_analytics_balances.TestSprint3All" name="test_default_range_is_month" time="0.106" /><testcase classname="tests.test_sprint2_budgets_analytics.TestAuthEnforcementSprint2" name="test_no_auth_returns_401[GET-/api/analytics/monthly-trend-None]" time="0.148" /><testcase classname="tests.test_sprint3_dashboard_analytics_balances.TestSprint3All" name="test_limit_clamped_to_100" time="0.104" /><testcase classname="tests.test_sprint2_budgets_analytics.TestAuthEnforcementSprint2" name="test_no_auth_returns_401[GET-/api/analytics/monthly-trend?months=6-None]" time="0.096" /><testcase classname="tests.test_sprint3_dashboard_analytics_balances.TestSprint3All" name="test_balance_after_extraction" time="0.351" /><testcase classname="tests.test_sprint2_budgets_analytics.TestAuthEnforcementSprint2" name="test_no_auth_returns_401[GET-/api/analytics/recurring-None]" time="0.093" /><testcase classname="tests.test_sprint2_budgets_analytics.TestAuthEnforcementSprint2" name="test_bad_bearer_returns_401[GET-/api/budgets]" time="0.095" /><testcase classname="tests.test_sprint2_budgets_analytics.TestAuthEnforcementSprint2" name="test_bad_bearer_returns_401[GET-/api/analytics/monthly-trend]" time="0.095" /><testcase classname="tests.test_sprint2_budgets_analytics.TestAuthEnforcementSprint2" name="test_bad_bearer_returns_401[GET-/api/analytics/recurring]" time="0.089" /><testcase classname="tests.test_sprint3_dashboard_analytics_balances.TestSprint3All" name="test_tightened_merchant_regex" time="1.549" /><testcase classname="tests.test_sprint3_dashboard_analytics_balances.TestSprint3All" name="test_401_without_token[/api/accounts/balances]" time="0.106" /><testcase classname="tests.test_sprint3_dashboard_analytics_balances.TestSprint3All" name="test_401_without_token[/api/analytics/by-merchant]" time="0.101" /><testcase classname="tests.test_sprint3_dashboard_analytics_balances.TestSprint3All" name="test_401_without_token[/api/dashboard?range=today]" time="0.096" /><testcase classname="tests.test_sprint3_dashboard_analytics_balances.TestSprint3All" name="test_401_without_token[/api/dashboard?range=week]" time="0.098" /><testcase classname="tests.test_sprint3_dashboard_analytics_balances.TestSprint3All" name="test_401_without_token[/api/dashboard?range=custom&amp;start=2026-01-01T00:00:00&amp;end=2026-01-31T00:00:00]" time="0.099" /><testcase classname="tests.test_sprint3_dashboard_analytics_balances.TestSprint3All" name="test_401_with_bad_token[/api/accounts/balances]" time="0.097" /><testcase classname="tests.test_sprint3_dashboard_analytics_balances.TestSprint3All" name="test_401_with_bad_token[/api/analytics/by-merchant]" time="0.108" /><testcase classname="tests.test_sprint3_dashboard_analytics_balances.TestSprint3All" name="test_dashboard_no_id" time="0.094" /><testcase classname="tests.test_sprint3_dashboard_analytics_balances.TestSprint3All" name="test_balances_no_id" time="0.097" /><testcase classname="tests.test_sprint3_dashboard_analytics_balances.TestSprint3All" name="test_by_merchant_no_id" time="0.097" /><testcase classname="tests.test_sprint3_dashboard_analytics_balances.TestSprint3All" name="test_transactions_no_id" time="0.104" /><testcase classname="tests.test_sprint3_dashboard_analytics_balances.TestSprint3All" name="test_ingest_batch_cap_413" time="0.094" /><testcase classname="tests.test_sprint3_dashboard_analytics_balances.TestSprint3All" name="test_monthly_trend_still_works" time="0.102" /><testcase classname="tests.test_expensesync_backend.TestTransactionsCRUD" name="test_list_no_mongo_id" time="2.689" /><testcase classname="tests.test_sprint3_dashboard_analytics_balances.TestSprint3All" name="test_recurring_still_works" time="0.115" /><testcase classname="tests.test_sprint3_dashboard_analytics_balances.TestSprint3All" name="test_budgets_crud" time="0.213" /><testcase classname="tests.test_sprint3_dashboard_analytics_balances.TestSprint3All" name="test_txn_crud_smoke" time="0.227" /><testcase classname="tests.test_expensesync_backend.TestAuthEnforcement" name="test_no_auth_returns_401[GET-/api/transactions]" time="0.184" /><testcase classname="tests.test_expensesync_backend.TestAuthEnforcement" name="test_no_auth_returns_401[GET-/api/dashboard]" time="0.094" /><testcase classname="tests.test_expensesync_backend.TestAuthEnforcement" name="test_no_auth_returns_401[POST-/api/messages/ingest]" time="0.137" /><testcase classname="tests.test_expensesync_backend.TestTransactionsCRUD" name="test_filter_by_category" time="1.058" /><testcase classname="tests.test_expensesync_backend.TestAuthEnforcement" name="test_no_auth_returns_401[POST-/api/messages/seed-sample]" time="0.093" /><testcase classname="tests.test_expensesync_backend.TestAuthEnforcement" name="test_bad_bearer_returns_401[GET-/api/transactions]" time="0.092" /><testcase classname="tests.test_expensesync_backend.TestAuthEnforcement" name="test_bad_bearer_returns_401[GET-/api/dashboard]" time="0.097" /><testcase classname="tests.test_expensesync_backend.TestAuthEnforcement" name="test_bad_bearer_returns_401[POST-/api/messages/seed-sample]" time="0.098" /><testcase classname="tests.test_sprint2_budgets_analytics.TestBudgets" name="test_create_budget" time="0.095" /><testcase classname="tests.test_sprint2_budgets_analytics.TestBudgets" name="test_create_budget_idempotent_updates_limit" time="0.181" /><testcase classname="tests.test_sprint2_budgets_analytics.TestBudgets" name="test_create_budget_bad_limit[0]" time="0.093" /><testcase classname="tests.test_sprint2_budgets_analytics.TestBudgets" name="test_create_budget_bad_limit[-10]" time="0.098" /><testcase classname="tests.test_sprint2_budgets_analytics.TestBudgets" name="test_create_budget_bad_limit[-0.01]" time="0.094" /><testcase classname="tests.test_sprint2_budgets_analytics.TestBudgets" name="test_list_budgets" time="0.228" /><testcase classname="tests.test_expensesync_backend.TestTransactionsCRUD" name="test_filter_by_source" time="1.127" /><testcase classname="tests.test_sprint2_budgets_analytics.TestBudgets" name="test_delete_budget" time="0.233" /><testcase classname="tests.test_expensesync_backend.TestAuth" name="test_me_valid" time="0.094" /><testcase classname="tests.test_expensesync_backend.TestAuth" name="test_me_missing" time="0.096" /><testcase classname="tests.test_expensesync_backend.TestAuth" name="test_me_invalid" time="0.090" /><testcase classname="tests.test_expensesync_backend.TestAuth" name="test_session_invalid_token" time="0.189" /><testcase classname="tests.test_expensesync_backend.TestAuth" name="test_logout_and_reseed" time="0.186" /><testcase classname="tests.test_expensesync_backend.TestIngestParser" name="test_hdfc_debit_parsed" time="0.186"><failure message="AssertionError: assert 3 == 1&#10; +  where 3 = len([{'id': '30fe7ded-dff9-46bf-8a4a-b3a98fcdc0c1', 'user_id': 'user_test000001', 'amount': 499.0, 'currency': 'INR', ...}...'id': 'aa011df2-d7c8-42c4-9c49-ce03f17cce26', 'user_id': 'user_test000001', 'amount': 85000.0, 'currency': 'INR', ...}])">E   AssertionError: assert 3 == 1
     +  where 3 = len([{'id': '30fe7ded-dff9-46bf-8a4a-b3a98fcdc0c1', 'user_id': 'user_test000001', 'amount': 499.0, 'currency': 'INR', ...}...'id': 'aa011df2-d7c8-42c4-9c49-ce03f17cce26', 'user_id': 'user_test000001', 'amount': 85000.0, 'currency': 'INR', ...}])</failure></testcase><testcase classname="tests.test_expensesync_backend.TestTransactionsCRUD" name="test_include_duplicates_false" time="1.188" /><testcase classname="tests.test_expensesync_backend.TestIngestParser" name="test_icici_credit" time="0.154" /><testcase classname="tests.test_expensesync_backend.TestIngestParser" name="test_axis_uber_transport" time="0.138" /><testcase classname="tests.test_expensesync_backend.TestIngestParser" name="test_amazon_shopping" time="0.147" /><testcase classname="tests.test_expensesync_backend.TestIngestParser" name="test_promotional_skipped" time="69.406" /><testcase classname="tests.test_expensesync_backend.TestTransactionsCRUD" name="test_get_single_has_raw_text" time="1.137" /><testcase classname="tests.test_expensesync_backend.TestTransactionsCRUD" name="test_get_single_404" time="68.245" /><testcase classname="tests.test_sprint2_budgets_analytics.TestRecurring" name="test_detects_recurring_within_15pct" time="0.102" /><testcase classname="tests.test_sprint2_budgets_analytics.TestRecurring" name="test_excludes_when_amount_variance_over_15pct" time="0.099" /><testcase classname="tests.test_sprint2_budgets_analytics.TestRecurring" name="test_excludes_single_month_only" time="0.098" /><testcase classname="tests.test_sprint2_budgets_analytics.TestRecurring" name="test_excludes_credits_and_duplicates" time="0.100" /><testcase classname="tests.test_sprint2_budgets_analytics.TestRecurring" name="test_dashboard_recurring_count_matches" time="0.162" /><testcase classname="tests.test_security_audit_fixes.TestCORSNoCredentials" name="test_preflight_no_allow_credentials_header" time="0.068" /><testcase classname="tests.test_security_audit_fixes.TestCORSNoCredentials" name="test_simple_get_no_allow_credentials_header" time="0.100" /><testcase classname="tests.test_security_audit_fixes.TestCORSNoCredentials" name="test_code_uses_allow_credentials_false" time="0.000" /><testcase classname="tests.test_expensesync_backend.TestDedup" name="test_dedup_by_ref_id" time="0.144" /><testcase classname="tests.test_expensesync_backend.TestTransactionsCRUD" name="test_patch_category_and_duplicate" time="1.230"><failure message="AssertionError: {&quot;detail&quot;:&quot;Not found&quot;}&#10;assert 404 == 200&#10; +  where 404 = &lt;Response [404]&gt;.status_code">E   AssertionError: {"detail":"Not found"}
    assert 404 == 200
     +  where 404 = &lt;Response [404]&gt;.status_code</failure></testcase><testcase classname="tests.test_expensesync_backend.TestDedup" name="test_dedup_by_amount_merchant_date" time="0.157" /><testcase classname="tests.test_security_audit_fixes.TestIngestBatchCap" name="test_over_50_items_returns_413" time="0.094" /><testcase classname="tests.test_security_audit_fixes.TestIngestBatchCap" name="test_exactly_50_items_succeeds" time="0.136" /><testcase classname="tests.test_security_audit_fixes.TestAIQuotaGating" name="test_constant_and_code_path_exist" time="0.000" /><testcase classname="tests.test_security_audit_fixes.TestAIQuotaGating" name="test_happy_path_ingest_does_not_bump_ai_calls" time="0.104" /><testcase classname="tests.test_security_audit_fixes.TestAIOutputValidation" name="test_allowed_categories_set_defined" time="0.000" /><testcase classname="tests.test_security_audit_fixes.TestAIOutputValidation" name="test_ai_parse_validates_direction_and_category" time="0.000" /><testcase classname="tests.test_security_audit_fixes.TestTxnListLimitClamp" name="test_huge_limit_is_clamped" time="1.332" /><testcase classname="tests.test_expensesync_backend.TestTransactionsCRUD" name="test_delete_txn" time="1.632" /><testcase classname="tests.test_sprint2_budgets_analytics.TestMonthlyTrend" name="test_default_months_6_order_and_shape" time="0.101" /><testcase classname="tests.test_sprint2_budgets_analytics.TestMonthlyTrend" name="test_missing_months_return_zero" time="0.093"><failure message="assert 60.0 == 0">E   assert 60.0 == 0</failure></testcase><testcase classname="tests.test_sprint2_budgets_analytics.TestMonthlyTrend" name="test_amounts_sum_debits_excluding_duplicates" time="0.146"><failure message="assert 0 == 300">E   assert 0 == 300</failure></testcase><testcase classname="tests.test_security_audit_fixes.TestTxnListLimitClamp" name="test_constant_max_txn_list_limit_500" time="0.000" /><testcase classname="tests.test_sprint2_budgets_analytics.TestDashboardBudgets" name="test_dashboard_budgets_over_and_near_and_recurring_count" time="0.350"><failure message="assert 0 == 3&#10; +  where 0 = len([])">E   assert 0 == 3
     +  where 0 = len([])</failure></testcase><testcase classname="tests.test_sprint2_budgets_analytics.TestMonthlyTrend" name="test_months_param_clamped" time="0.178" /><testcase classname="tests.test_expensesync_backend.TestHealth" name="test_root" time="0.093" /><testcase classname="tests.test_expensesync_backend.TestDashboard" name="test_dashboard_shape_and_exclusions" time="1.120" /><testcase classname="tests.test_sprint2_budgets_analytics.TestDashboardBudgets" name="test_dashboard_over_budget_exact_boundary" time="0.152" /><testcase classname="tests.test_expensesync_backend.TestSeedSample" name="test_seed_produces_expected_counts" time="1.079" /><testcase classname="tests.test_security_audit_fixes.TestIngestTextCap" name="test_long_text_is_truncated_to_4000_chars" time="0.096" /><testcase classname="tests.test_security_audit_fixes.TestSprint1Regression" name="test_seed_dashboard_list_patch" time="1.912" /><testcase classname="tests.test_security_audit_fixes.TestSprint2Regression" name="test_budgets_crud_and_analytics" time="0.512" /></testsuite></testsuites>