<?xml version="1.0" encoding="utf-8"?><testsuites name="pytest tests"><testsuite name="pytest" errors="0" failures="0" skipped="0" tests="26" time="5.403" timestamp="2026-07-23T03:54:01.683890+00:00" hostname="agent-env-fa4ed9fe-1d39-4cdd-8bde-c41c5aa172ef"><testcase classname="tests.test_security_audit_fixes.TestCORSNoCredentials" name="test_preflight_no_allow_credentials_header" time="0.144" /><testcase classname="tests.test_security_audit_fixes.TestAuthEnforcement" name="test_missing_bearer_returns_401[/api/auth/me-GET]" time="0.230" /><testcase classname="tests.test_security_audit_fixes.TestCORSNoCredentials" name="test_simple_get_no_allow_credentials_header" time="0.104" /><testcase classname="tests.test_security_audit_fixes.TestAuthEnforcement" name="test_missing_bearer_returns_401[/api/dashboard-GET]" time="0.094" /><testcase classname="tests.test_security_audit_fixes.TestCORSNoCredentials" name="test_code_uses_allow_credentials_false" time="0.000" /><testcase classname="tests.test_security_audit_fixes.TestIngestBatchCap" name="test_over_50_items_returns_413" time="0.096" /><testcase classname="tests.test_security_audit_fixes.TestAuthEnforcement" name="test_missing_bearer_returns_401[/api/transactions-GET]" time="0.097" /><testcase classname="tests.test_security_audit_fixes.TestIngestBatchCap" name="test_exactly_50_items_succeeds" time="0.174" /><testcase classname="tests.test_security_audit_fixes.TestAuthEnforcement" name="test_missing_bearer_returns_401[/api/budgets-GET]" time="0.168" /><testcase classname="tests.test_security_audit_fixes.TestAIQuotaGating" name="test_constant_and_code_path_exist" time="0.000" /><testcase classname="tests.test_security_audit_fixes.TestAIQuotaGating" name="test_happy_path_ingest_does_not_bump_ai_calls" time="0.104" /><testcase classname="tests.test_security_audit_fixes.TestAuthEnforcement" name="test_missing_bearer_returns_401[/api/analytics/monthly-trend-GET]" time="0.110" /><testcase classname="tests.test_security_audit_fixes.TestAIOutputValidation" name="test_allowed_categories_set_defined" time="0.000" /><testcase classname="tests.test_security_audit_fixes.TestAIOutputValidation" name="test_ai_parse_validates_direction_and_category" time="0.000" /><testcase classname="tests.test_security_audit_fixes.TestTxnListLimitClamp" name="test_huge_limit_is_clamped" time="2.702" /><testcase classname="tests.test_security_audit_fixes.TestAuthEnforcement" name="test_missing_bearer_returns_401[/api/analytics/recurring-GET]" time="1.327" /><testcase classname="tests.test_security_audit_fixes.TestAuthEnforcement" name="test_missing_bearer_returns_401[/api/messages/ingest-POST]" time="0.134" /><testcase classname="tests.test_security_audit_fixes.TestAuthEnforcement" name="test_missing_bearer_returns_401[/api/messages/seed-sample-POST]" time="0.098" /><testcase classname="tests.test_security_audit_fixes.TestAuthEnforcement" name="test_bad_bearer_returns_401[/api/auth/me]" time="0.222" /><testcase classname="tests.test_security_audit_fixes.TestAuthEnforcement" name="test_bad_bearer_returns_401[/api/dashboard]" time="0.137" /><testcase classname="tests.test_security_audit_fixes.TestAuthEnforcement" name="test_bad_bearer_returns_401[/api/transactions]" time="0.145" /><testcase classname="tests.test_security_audit_fixes.TestAuthEnforcement" name="test_bad_bearer_returns_401[/api/budgets]" time="0.088" /><testcase classname="tests.test_security_audit_fixes.TestSprint1Regression" name="test_seed_dashboard_list_patch" time="1.558" /><testcase classname="tests.test_security_audit_fixes.TestTxnListLimitClamp" name="test_constant_max_txn_list_limit_500" time="0.000" /><testcase classname="tests.test_security_audit_fixes.TestIngestTextCap" name="test_long_text_is_truncated_to_4000_chars" time="0.104" /><testcase classname="tests.test_security_audit_fixes.TestSprint2Regression" name="test_budgets_crud_and_analytics" time="0.481" /></testsuite></testsuites>